Job ID: 
Job started at: 2022-11-01-170702
DIR:/home/amakhanov/ai-science-training-series/07_largeScaleTraining/src/ai4sci
┏━━━━━━━━━━━━━━━━━━━━━━━━━━━━━━━━━━━━━━━━━━━━━━━━━━━━━━━━━━━━━━━┓
┃  Job started at: 2022-11-01-170702 on thetagpu07           ┃
┗━━━━━━━━━━━━━━━━━━━━━━━━━━━━━━━━━━━━━━━━━━━━━━━━━━━━━━━━━━━━━━━┛

The following have been reloaded with a version change:
  1) openmpi/openmpi-4.0.5 => openmpi/openmpi-4.1.4_ucx-1.12.1_gcc-9.4.0

Creating new venv at: /home/amakhanov/ai-science-training-series/07_largeScaleTraining/venvs/thetaGPU/2022-07-01
Defaulting to user installation because normal site-packages is not writeable
Requirement already satisfied: pip in /lus/theta-fs0/software/thetagpu/conda/2022-07-01/mconda3/lib/python3.8/site-packages (22.3)
./main.sh: line 139: /home/amakhanov/ai-science-training-series/07_largeScaleTraining/venvs/thetaGPU/2022-07-01/bin/activate: No such file or directory
Defaulting to user installation because normal site-packages is not writeable
Obtaining file:///home/amakhanov/ai-science-training-series/07_largeScaleTraining
  Installing build dependencies: started
  Installing build dependencies: finished with status 'done'
  Checking if build backend supports build_editable: started
  Checking if build backend supports build_editable: finished with status 'done'
  Getting requirements to build editable: started
  Getting requirements to build editable: finished with status 'done'
  Preparing editable metadata (pyproject.toml): started
  Preparing editable metadata (pyproject.toml): finished with status 'done'
Building wheels for collected packages: ai4sci
  Building editable for ai4sci (pyproject.toml): started
  Building editable for ai4sci (pyproject.toml): finished with status 'done'
  Created wheel for ai4sci: filename=ai4sci-0.0.0-0.editable-py3-none-any.whl size=1170 sha256=6d873d01b3c8ee7bab0df2f4437c932538eae76d0cbbcecc0aa046f7c2683752
  Stored in directory: /tmp/pip-ephem-wheel-cache-mnp06_yv/wheels/be/b4/5d/cbba411252aaa883f9a95a7f09f32cdcdc26d1aa21b45a93e0
Successfully built ai4sci
Installing collected packages: ai4sci
Successfully installed ai4sci-0.0.0
WIDTH: 128
DIR=/home/amakhanov/ai-science-training-series/07_largeScaleTraining/src/ai4sci
MAIN=/home/amakhanov/ai-science-training-series/07_largeScaleTraining/src/ai4sci/main.py
PARENT=/home/amakhanov/ai-science-training-series/07_largeScaleTraining/src
ROOT=/home/amakhanov/ai-science-training-series/07_largeScaleTraining
LOGDIR=/home/amakhanov/ai-science-training-series/07_largeScaleTraining/src/ai4sci/logs
LOGFILE=/home/amakhanov/ai-science-training-series/07_largeScaleTraining/src/ai4sci/logs/2022-11-01-170702-thetagpu07_ngpu8_ncpu256.log
IBV_FORK_SAFE=
────────────────────────────────────────────────────────────────────────────────────────────────────────────────────────────────┏━━━━━━━━━━━━━━━━━━━━━━━━━━━━━━━━━━━━━━━━━━━━━━━━┓
┃  STARTING A NEW RUN ON 8 GPUs 256  ┃
┗━━━━━━━━━━━━━━━━━━━━━━━━━━━━━━━━━━━━━━━━━━━━━━━━┛


────────────────────────────────────────────────────────────────────────────────────────────────────────────────────────────────┃  - DATE: 2022-11-01-170702
┃  - NCPUS: 256
┃  - NRANKS: 1
┃  - NGPUS PER RANK: 8
┃  - NGPUS TOTAL: 8
┃  - MAIN: /home/amakhanov/ai-science-training-series/07_largeScaleTraining/src/ai4sci/main.py
┃  - Writing logs to /home/amakhanov/ai-science-training-series/07_largeScaleTraining/src/ai4sci/logs/2022-11-01-170702-thetagpu07_ngpu8_ncpu256.log
┃  - python3: /lus/theta-fs0/software/thetagpu/conda/2022-07-01/mconda3/bin/python3
┃  - mpirun: /lus/theta-fs0/software/thetagpu/openmpi/openmpi-4.1.4_ucx-1.12.1_gcc-9.4.0/bin/mpirun
┃  - ai4sci: /home/amakhanov/ai-science-training-series/07_largeScaleTraining/src/ai4sci/__init__.py
┃  - exec: /lus/theta-fs0/software/thetagpu/openmpi/openmpi-4.1.4_ucx-1.12.1_gcc-9.4.0/bin/mpirun --verbose     -n 8     --hostfile /var/tmp/cobalt.10112375     -npernode 8     -x PYTHONUSERBASE     -x PYTHONSTARTUP     -x http_proxy     -x https_proxy     -x PATH     -x LD_LIBRARY_PATH /lus/theta-fs0/software/thetagpu/conda/2022-07-01/mconda3/bin/python3 /home/amakhanov/ai-science-training-series/07_largeScaleTraining/src/ai4sci/main.py batch_size=512
────────────────────────────────────────────────────────────────────────────────────────────────────────────────────────────────

2022-11-01 17:08:22.678112: W tensorflow/core/grappler/costs/op_level_cost_estimator.cc:690] Error in PredictCost() for the op: op: "CropAndResize" attr { key: "T" value { type: DT_UINT8 } } attr { key: "extrapolation_value" value { f: 0 } } attr { key: "method" value { s: "bilinear" } } inputs { dtype: DT_UINT8 shape { dim { size: 1 } dim { size: -5 } dim { size: -6 } dim { size: 3 } } } inputs { dtype: DT_FLOAT shape { dim { size: -2 } dim { size: 4 } } } inputs { dtype: DT_INT32 shape { dim { size: -2 } } } inputs { dtype: DT_INT32 shape { dim { size: 2 } } } device { type: "CPU" vendor: "AuthenticAMD" model: "241" frequency: 2245 num_cores: 32 environment { key: "cpu_instruction_set" value: "SSE, SSE2, SSE3" } environment { key: "eigen" value: "3.4.90" } l1_cache_size: 32768 l2_cache_size: 524288 l3_cache_size: 268435456 memory_size: 268435456 } outputs { dtype: DT_FLOAT shape { dim { size: -2 } dim { size: -10 } dim { size: -11 } dim { size: 3 } } }
2022-11-01 17:08:22.678107: W tensorflow/core/grappler/costs/op_level_cost_estimator.cc:690] Error in PredictCost() for the op: op: "CropAndResize" attr { key: "T" value { type: DT_UINT8 } } attr { key: "extrapolation_value" value { f: 0 } } attr { key: "method" value { s: "bilinear" } } inputs { dtype: DT_UINT8 shape { dim { size: 1 } dim { size: -5 } dim { size: -6 } dim { size: 3 } } } inputs { dtype: DT_FLOAT shape { dim { size: -2 } dim { size: 4 } } } inputs { dtype: DT_INT32 shape { dim { size: -2 } } } inputs { dtype: DT_INT32 shape { dim { size: 2 } } } device { type: "CPU" vendor: "AuthenticAMD" model: "241" frequency: 2245 num_cores: 32 environment { key: "cpu_instruction_set" value: "SSE, SSE2, SSE3" } environment { key: "eigen" value: "3.4.90" } l1_cache_size: 32768 l2_cache_size: 524288 l3_cache_size: 268435456 memory_size: 268435456 } outputs { dtype: DT_FLOAT shape { dim { size: -2 } dim { size: -10 } dim { size: -11 } dim { size: 3 } } }
2022-11-01 17:08:22.678124: W tensorflow/core/grappler/costs/op_level_cost_estimator.cc:690] Error in PredictCost() for the op: op: "CropAndResize" attr { key: "T" value { type: DT_UINT8 } } attr { key: "extrapolation_value" value { f: 0 } } attr { key: "method" value { s: "bilinear" } } inputs { dtype: DT_UINT8 shape { dim { size: 1 } dim { size: -5 } dim { size: -6 } dim { size: 3 } } } inputs { dtype: DT_FLOAT shape { dim { size: -2 } dim { size: 4 } } } inputs { dtype: DT_INT32 shape { dim { size: -2 } } } inputs { dtype: DT_INT32 shape { dim { size: 2 } } } device { type: "CPU" vendor: "AuthenticAMD" model: "241" frequency: 2245 num_cores: 32 environment { key: "cpu_instruction_set" value: "SSE, SSE2, SSE3" } environment { key: "eigen" value: "3.4.90" } l1_cache_size: 32768 l2_cache_size: 524288 l3_cache_size: 268435456 memory_size: 268435456 } outputs { dtype: DT_FLOAT shape { dim { size: -2 } dim { size: -10 } dim { size: -11 } dim { size: 3 } } }
2022-11-01 17:08:22.678107: W tensorflow/core/grappler/costs/op_level_cost_estimator.cc:690] Error in PredictCost() for the op: op: "CropAndResize" attr { key: "T" value { type: DT_UINT8 } } attr { key: "extrapolation_value" value { f: 0 } } attr { key: "method" value { s: "bilinear" } } inputs { dtype: DT_UINT8 shape { dim { size: 1 } dim { size: -5 } dim { size: -6 } dim { size: 3 } } } inputs { dtype: DT_FLOAT shape { dim { size: -2 } dim { size: 4 } } } inputs { dtype: DT_INT32 shape { dim { size: -2 } } } inputs { dtype: DT_INT32 shape { dim { size: 2 } } } device { type: "CPU" vendor: "AuthenticAMD" model: "241" frequency: 2245 num_cores: 32 environment { key: "cpu_instruction_set" value: "SSE, SSE2, SSE3" } environment { key: "eigen" value: "3.4.90" } l1_cache_size: 32768 l2_cache_size: 524288 l3_cache_size: 268435456 memory_size: 268435456 } outputs { dtype: DT_FLOAT shape { dim { size: -2 } dim { size: -10 } dim { size: -11 } dim { size: 3 } } }
2022-11-01 17:08:22.678109: W tensorflow/core/grappler/costs/op_level_cost_estimator.cc:690] Error in PredictCost() for the op: op: "CropAndResize" attr { key: "T" value { type: DT_UINT8 } } attr { key: "extrapolation_value" value { f: 0 } } attr { key: "method" value { s: "bilinear" } } inputs { dtype: DT_UINT8 shape { dim { size: 1 } dim { size: -5 } dim { size: -6 } dim { size: 3 } } } inputs { dtype: DT_FLOAT shape { dim { size: -2 } dim { size: 4 } } } inputs { dtype: DT_INT32 shape { dim { size: -2 } } } inputs { dtype: DT_INT32 shape { dim { size: 2 } } } device { type: "CPU" vendor: "AuthenticAMD" model: "241" frequency: 2245 num_cores: 32 environment { key: "cpu_instruction_set" value: "SSE, SSE2, SSE3" } environment { key: "eigen" value: "3.4.90" } l1_cache_size: 32768 l2_cache_size: 524288 l3_cache_size: 268435456 memory_size: 268435456 } outputs { dtype: DT_FLOAT shape { dim { size: -2 } dim { size: -10 } dim { size: -11 } dim { size: 3 } } }
2022-11-01 17:08:22.678112: W tensorflow/core/grappler/costs/op_level_cost_estimator.cc:690] Error in PredictCost() for the op: op: "CropAndResize" attr { key: "T" value { type: DT_UINT8 } } attr { key: "extrapolation_value" value { f: 0 } } attr { key: "method" value { s: "bilinear" } } inputs { dtype: DT_UINT8 shape { dim { size: 1 } dim { size: -5 } dim { size: -6 } dim { size: 3 } } } inputs { dtype: DT_FLOAT shape { dim { size: -2 } dim { size: 4 } } } inputs { dtype: DT_INT32 shape { dim { size: -2 } } } inputs { dtype: DT_INT32 shape { dim { size: 2 } } } device { type: "CPU" vendor: "AuthenticAMD" model: "241" frequency: 2245 num_cores: 32 environment { key: "cpu_instruction_set" value: "SSE, SSE2, SSE3" } environment { key: "eigen" value: "3.4.90" } l1_cache_size: 32768 l2_cache_size: 524288 l3_cache_size: 268435456 memory_size: 268435456 } outputs { dtype: DT_FLOAT shape { dim { size: -2 } dim { size: -10 } dim { size: -11 } dim { size: 3 } } }
2022-11-01 17:08:22.678105: W tensorflow/core/grappler/costs/op_level_cost_estimator.cc:690] Error in PredictCost() for the op: op: "CropAndResize" attr { key: "T" value { type: DT_UINT8 } } attr { key: "extrapolation_value" value { f: 0 } } attr { key: "method" value { s: "bilinear" } } inputs { dtype: DT_UINT8 shape { dim { size: 1 } dim { size: -5 } dim { size: -6 } dim { size: 3 } } } inputs { dtype: DT_FLOAT shape { dim { size: -2 } dim { size: 4 } } } inputs { dtype: DT_INT32 shape { dim { size: -2 } } } inputs { dtype: DT_INT32 shape { dim { size: 2 } } } device { type: "CPU" vendor: "AuthenticAMD" model: "241" frequency: 2245 num_cores: 32 environment { key: "cpu_instruction_set" value: "SSE, SSE2, SSE3" } environment { key: "eigen" value: "3.4.90" } l1_cache_size: 32768 l2_cache_size: 524288 l3_cache_size: 268435456 memory_size: 268435456 } outputs { dtype: DT_FLOAT shape { dim { size: -2 } dim { size: -10 } dim { size: -11 } dim { size: 3 } } }
2022-11-01 17:08:22.678111: W tensorflow/core/grappler/costs/op_level_cost_estimator.cc:690] Error in PredictCost() for the op: op: "CropAndResize" attr { key: "T" value { type: DT_UINT8 } } attr { key: "extrapolation_value" value { f: 0 } } attr { key: "method" value { s: "bilinear" } } inputs { dtype: DT_UINT8 shape { dim { size: 1 } dim { size: -5 } dim { size: -6 } dim { size: 3 } } } inputs { dtype: DT_FLOAT shape { dim { size: -2 } dim { size: 4 } } } inputs { dtype: DT_INT32 shape { dim { size: -2 } } } inputs { dtype: DT_INT32 shape { dim { size: 2 } } } device { type: "CPU" vendor: "AuthenticAMD" model: "241" frequency: 2245 num_cores: 32 environment { key: "cpu_instruction_set" value: "SSE, SSE2, SSE3" } environment { key: "eigen" value: "3.4.90" } l1_cache_size: 32768 l2_cache_size: 524288 l3_cache_size: 268435456 memory_size: 268435456 } outputs { dtype: DT_FLOAT shape { dim { size: -2 } dim { size: -10 } dim { size: -11 } dim { size: 3 } } }
2022-11-01 17:17:24.298065: W tensorflow/core/grappler/costs/op_level_cost_estimator.cc:690] Error in PredictCost() for the op: op: "CropAndResize" attr { key: "T" value { type: DT_UINT8 } } attr { key: "extrapolation_value" value { f: 0 } } attr { key: "method" value { s: "bilinear" } } inputs { dtype: DT_UINT8 shape { dim { size: 1 } dim { size: -5 } dim { size: -6 } dim { size: 3 } } } inputs { dtype: DT_FLOAT shape { dim { size: -2 } dim { size: 4 } } } inputs { dtype: DT_INT32 shape { dim { size: -2 } } } inputs { dtype: DT_INT32 shape { dim { size: 2 } } } device { type: "CPU" vendor: "AuthenticAMD" model: "241" frequency: 2245 num_cores: 32 environment { key: "cpu_instruction_set" value: "SSE, SSE2, SSE3" } environment { key: "eigen" value: "3.4.90" } l1_cache_size: 32768 l2_cache_size: 524288 l3_cache_size: 268435456 memory_size: 268435456 } outputs { dtype: DT_FLOAT shape { dim { size: -2 } dim { size: -10 } dim { size: -11 } dim { size: 3 } } }
